success! iter=832, cost=31, depth=31, max queue size=61275
move 0, pathcost=0, heuristic=44, f(n)=g(n)+h(n)=0.185784

FM
BC
IO
AGS
DEJ
H
PR
KLQ
NT
>>>>>>>>>>
move 1, pathcost=1, heuristic=42, f(n)=g(n)+h(n)=43
S
FM
BC
IO
AG
DEJ
H
PR
KLQ
NT
>>>>>>>>>>
move 2, pathcost=2, heuristic=41, f(n)=g(n)+h(n)=43
S
FM
BC
IO
AG
DEJ
H
PR
KLQT
N
>>>>>>>>>>
move 3, pathcost=3, heuristic=39, f(n)=g(n)+h(n)=42
S
F
BC
IO
AG
DEJ
H
PR
KLQTM
N
>>>>>>>>>>
move 4, pathcost=4, heuristic=38, f(n)=g(n)+h(n)=42
S
F
BCR
IO
AG
DEJ
H
P
KLQTM
N
>>>>>>>>>>
move 5, pathcost=5, heuristic=37, f(n)=g(n)+h(n)=42
S
F
BCRO
I
AG
DEJ
H
P
KLQTM
N
>>>>>>>>>>
move 6, pathcost=6, heuristic=37, f(n)=g(n)+h(n)=43
S
F
BCRO
IN
AG
DEJ
H
P
KLQTM

>>>>>>>>>>
move 7, pathcost=7, heuristic=36, f(n)=g(n)+h(n)=43
S
F
BCRO
IN
AG
DEJ
H
P
KLQT
M
>>>>>>>>>>
move 8, pathcost=8, heuristic=34, f(n)=g(n)+h(n)=42
S
F
BCRO
IN
AG
DEJ
H
P
KLQ
MT
>>>>>>>>>>
move 9, pathcost=9, heuristic=34, f(n)=g(n)+h(n)=43

F
BCRO
IN
AG
DEJ
H
P
KLQ
MTS
>>>>>>>>>>
move 10, pathcost=10, heuristic=33, f(n)=g(n)+h(n)=43
F

BCRO
IN
AG
DEJ
H
P
KLQ
MTS
>>>>>>>>>>
move 11, pathcost=11, heuristic=32, f(n)=g(n)+h(n)=43
F
N
BCRO
I
AG
DEJ
H
P
KLQ
MTS
>>>>>>>>>>
move 12, pathcost=12, heuristic=31, f(n)=g(n)+h(n)=43
F
NI
BCRO

AG
DEJ
H
P
KLQ
MTS
>>>>>>>>>>
move 13, pathcost=13, heuristic=29, f(n)=g(n)+h(n)=42
F
NI
BCRO
G
A
DEJ
H
P
KLQ
MTS
>>>>>>>>>>
move 14, pathcost=14, heuristic=28, f(n)=g(n)+h(n)=42
F
NI
BCRO
GQ
A
DEJ
H
P
KL
MTS
>>>>>>>>>>
move 15, pathcost=15, heuristic=27, f(n)=g(n)+h(n)=42
F
NIL
BCRO
GQ
A
DEJ
H
P
K
MTS
>>>>>>>>>>
move 16, pathcost=16, heuristic=27, f(n)=g(n)+h(n)=43
F
NIL
BCRO
GQ
AK
DEJ
H
P

MTS
>>>>>>>>>>
move 17, pathcost=17, heuristic=26, f(n)=g(n)+h(n)=43
F
NIL
BCRO
GQ
AK
DE
H
P
J
MTS
>>>>>>>>>>
move 18, pathcost=18, heuristic=25, f(n)=g(n)+h(n)=43
FE
NIL
BCRO
GQ
AK
D
H
P
J
MTS
>>>>>>>>>>
move 19, pathcost=19, heuristic=24, f(n)=g(n)+h(n)=43
FE
NIL
BCRO
GQ
AK

H
P
JD
MTS
>>>>>>>>>>
move 20, pathcost=20, heuristic=23, f(n)=g(n)+h(n)=43
FE
NIL
BCRO
GQ
A

H
P
JDK
MTS
>>>>>>>>>>
move 21, pathcost=21, heuristic=22, f(n)=g(n)+h(n)=43
FE
NIL
BCRO
GQ


H
P
JDKA
MTS
>>>>>>>>>>
move 22, pathcost=22, heuristic=21, f(n)=g(n)+h(n)=43
FE
NI
BCRO
GQ


H
P
JDKAL
MTS
>>>>>>>>>>
move 23, pathcost=23, heuristic=20, f(n)=g(n)+h(n)=43
FE
NI
BCR
GQ

O
H
P
JDKAL
MTS
>>>>>>>>>>
move 24, pathcost=24, heuristic=18, f(n)=g(n)+h(n)=42
FE
NI
BC
GQ

O
H
P
JDKALR
MTS
>>>>>>>>>>
move 25, pathcost=25, heuristic=16, f(n)=g(n)+h(n)=41
FE
NI
B
GQ

OC
H
P
JDKALR
MTS
>>>>>>>>>>
move 26, pathcost=26, heuristic=15, f(n)=g(n)+h(n)=41
FE
NI
B
GQ
H
OC

P
JDKALR
MTS
>>>>>>>>>>
move 27, pathcost=27, heuristic=14, f(n)=g(n)+h(n)=41
FE
NI
B
GQ
H
OC
P

JDKALR
MTS
>>>>>>>>>>
move 28, pathcost=28, heuristic=13, f(n)=g(n)+h(n)=41
F
NI
B
GQ
H
OC
PE

JDKALR
MTS
>>>>>>>>>>
move 29, pathcost=29, heuristic=12, f(n)=g(n)+h(n)=41
F
NI

GQ
H
OC
PEB

JDKALR
MTS
>>>>>>>>>>
move 30, pathcost=30, heuristic=11, f(n)=g(n)+h(n)=41
F
NI

G
H
OC
PEBQ

JDKALR
MTS
>>>>>>>>>>
move 31, pathcost=31, heuristic=10, f(n)=g(n)+h(n)=41
F
NI

G
H
OCS
PEBQ

JDKALR
MT
>>>>>>>>>>
